<?xml version="1.0" encoding="UTF-8"?>
<!-- Generated by org.testng.reporters.JUnitReportReporter -->
<testsuite skipped="0" hostname="anusha" name="orange.hrm.tests.TS_02_Verify_Job_Module" tests="1" failures="0" timestamp="19 Aug 2018 16:20:43 GMT" time="11.759" errors="0">
  <testcase name="TC_01_ValidateaddingJobWithAllFields" time="11.759" classname="orange.hrm.tests.TS_02_Verify_Job_Module"/>
</testsuite> <!-- orange.hrm.tests.TS_02_Verify_Job_Module -->
