<?xml version="1.0" encoding="UTF-8"?>
<!-- Generated by org.testng.reporters.JUnitReportReporter -->
<testsuite skipped="0" hostname="anusha" name="orange.hrm.tests.TS_01_Verify_Users_Module" tests="3" failures="0" timestamp="19 Aug 2018 16:20:43 GMT" time="32.586" errors="0">
  <testcase name="TC_01_ValidateaddingUserWithAllFields" time="7.560" classname="orange.hrm.tests.TS_01_Verify_Users_Module"/>
  <testcase name="TC_02_ValidateaddingUserWithMandatoryFields" time="22.411" classname="orange.hrm.tests.TS_01_Verify_Users_Module"/>
  <testcase name="TC_03_NullValueInEmployeeNameField" time="2.615" classname="orange.hrm.tests.TS_01_Verify_Users_Module"/>
</testsuite> <!-- orange.hrm.tests.TS_01_Verify_Users_Module -->
